   Compiling kalam-cli v0.2.0 (C:\Jamal\git\KalamDB\cli)
   Compiling kalam-link v0.2.0 (C:\Jamal\git\KalamDB\link)
warning: variants `Milliseconds` and `Nanoseconds` are never constructed
   --> cli\src\formatter.rs:490:5
    |
489 | enum TimestampUnit {
    |      ------------- variants in this enum
490 |     Milliseconds,
    |     ^^^^^^^^^^^^
491 |     Microseconds,
492 |     Nanoseconds,
    |     ^^^^^^^^^^^
    |
    = note: `#[warn(dead_code)]` (part of `#[warn(unused)]`) on by default

warning: `kalam-cli` (lib) generated 1 warning
warning: unused variable: `temp_dir`
   --> cli\tests\cli\test_cli_auth.rs:311:10
    |
311 |     let (temp_dir, creds_path) = create_temp_credentials_path();
    |          ^^^^^^^^ help: if this is intentional, prefix it with an underscore: `_temp_dir`
    |
    = note: `#[warn(unused_variables)]` (part of `#[warn(unused)]`) on by default

warning: `kalam-cli` (lib test) generated 1 warning (1 duplicate)
warning: `kalam-cli` (test "cli") generated 1 warning (run `cargo fix --test "cli" -p kalam-cli` to apply 1 suggestion)
    Finished `test` profile [unoptimized] target(s) in 9.02s
────────────
 Nextest run ID 5daa4b39-6590-4487-898d-9927a11b7ac0 with nextest profile: default
    Starting 1 test across 11 binaries (143 tests skipped)
        FAIL [  12.195s] (1/1) kalam-cli::usecases test_update_all_types::test_update_all_types_user_table
  stdout ───

    running 1 test
    Flushing initial data to cold storage...
    Waiting for initial flush job FL-7f4c8804ed88...
    test test_update_all_types::test_update_all_types_user_table ... FAILED

    failures:

    failures:
        test_update_all_types::test_update_all_types_user_table

    test result: FAILED. 0 passed; 1 failed; 0 ignored; 0 measured; 4 filtered out; finished in 12.18s

  stderr ───
    [TEST_CLI] Executing as root: "CREATE NAMESPACE IF NOT EXISTS test_update_types_mkqxafib_lw..."
    [TEST_CLI] Process spawned in 322.6247ms
    [TEST_CLI] Success: spawn=322.6247ms wait=34.8051ms total=357ms
    [TEST_CLI] Executing as root: "CREATE TABLE test_update_types_mkqxafib_lww_0.all_types_user..."
    [TEST_CLI] Process spawned in 4.6655ms
    [TEST_CLI] Success: spawn=4.6655ms wait=156.8837ms total=161ms
    [TEST_CLI] Executing as root: "INSERT INTO test_update_types_mkqxafib_lww_0.all_types_user_..."
    [TEST_CLI] Process spawned in 4.8797ms
    [TEST_CLI] Success: spawn=4.8797ms wait=32.2849ms total=37ms
    [TEST_CLI] Executing as root: "SELECT * FROM test_update_types_mkqxafib_lww_0.all_types_use..."
    [TEST_CLI] Process spawned in 5.2505ms
    [TEST_CLI] Success: spawn=5.2505ms wait=39.7023ms total=44ms
    [TEST_CLI] Executing as root: "STORAGE FLUSH TABLE test_update_types_mkqxafib_lww_0.all_typ..."
    [TEST_CLI] Process spawned in 5.6551ms
    [TEST_CLI] Success: spawn=5.6551ms wait=27.9042ms total=33ms
    [TEST_CLIENT] Executing as root: "SELECT job_id, status, error_message FROM system.jobs WHERE ..."
    [TEST_CLIENT] Success in 8.973ms
    [TEST_CLIENT] Executing as root: "SELECT job_id, status, error_message FROM system.jobs WHERE ..."
    [TEST_CLIENT] Success in 21.8014ms
    [TEST_CLI] Executing as root: "SELECT * FROM test_update_types_mkqxafib_lww_0.all_types_use..."
    [TEST_CLI] Process spawned in 9.0566ms
    [TEST_CLI] Success: spawn=9.0566ms wait=35.3043ms total=44ms
    [TEST_CLI] Executing as root: "SELECT * FROM test_update_types_mkqxafib_lww_0.all_types_use..."
    [TEST_CLI] Process spawned in 7.4111ms
    [TEST_CLI] Success: spawn=7.4111ms wait=34.758ms total=42ms
    [TEST_CLI] Executing as root: "SELECT * FROM test_update_types_mkqxafib_lww_0.all_types_use..."
    [TEST_CLI] Process spawned in 13.2872ms
    [TEST_CLI] Success: spawn=13.2872ms wait=58.6839ms total=72ms
    [TEST_CLI] Executing as root: "SELECT * FROM test_update_types_mkqxafib_lww_0.all_types_use..."
    [TEST_CLI] Process spawned in 4.3728ms
    [TEST_CLI] Success: spawn=4.3728ms wait=25.3974ms total=29ms
    [TEST_CLI] Executing as root: "SELECT * FROM test_update_types_mkqxafib_lww_0.all_types_use..."
    [TEST_CLI] Process spawned in 20.1879ms
    [TEST_CLI] Success: spawn=20.1879ms wait=55.3163ms total=75ms
    [TEST_CLI] Executing as root: "SELECT * FROM test_update_types_mkqxafib_lww_0.all_types_use..."
    [TEST_CLI] Process spawned in 18.1014ms
    [TEST_CLI] Success: spawn=18.1014ms wait=70.4798ms total=88ms
    [TEST_CLI] Executing as root: "SELECT * FROM test_update_types_mkqxafib_lww_0.all_types_use..."
    [TEST_CLI] Process spawned in 4.4085ms
    [TEST_CLI] Success: spawn=4.4085ms wait=27.4553ms total=31ms
    [TEST_CLI] Executing as root: "SELECT * FROM test_update_types_mkqxafib_lww_0.all_types_use..."
    [TEST_CLI] Process spawned in 19.2987ms
    [TEST_CLI] Success: spawn=19.2987ms wait=58.2662ms total=77ms
    [TEST_CLI] Executing as root: "SELECT * FROM test_update_types_mkqxafib_lww_0.all_types_use..."
    [TEST_CLI] Process spawned in 18.0516ms
    [TEST_CLI] Success: spawn=18.0516ms wait=58.9754ms total=77ms
    [TEST_CLI] Executing as root: "SELECT * FROM test_update_types_mkqxafib_lww_0.all_types_use..."
    [TEST_CLI] Process spawned in 5.8855ms
    [TEST_CLI] Success: spawn=5.8855ms wait=39.213ms total=45ms
    [TEST_CLI] Executing as root: "SELECT * FROM test_update_types_mkqxafib_lww_0.all_types_use..."
    [TEST_CLI] Process spawned in 19.9217ms
    [TEST_CLI] Success: spawn=19.9217ms wait=77.7875ms total=97ms
    [TEST_CLI] Executing as root: "SELECT * FROM test_update_types_mkqxafib_lww_0.all_types_use..."
    [TEST_CLI] Process spawned in 5.7183ms
    [TEST_CLI] Success: spawn=5.7183ms wait=57.3249ms total=63ms
    [TEST_CLI] Executing as root: "SELECT * FROM test_update_types_mkqxafib_lww_0.all_types_use..."
    [TEST_CLI] Process spawned in 6.1705ms
    [TEST_CLI] Success: spawn=6.1705ms wait=39.8196ms total=46ms
    [TEST_CLI] Executing as root: "SELECT * FROM test_update_types_mkqxafib_lww_0.all_types_use..."
    [TEST_CLI] Process spawned in 15.3139ms
    [TEST_CLI] Success: spawn=15.3139ms wait=59.8315ms total=75ms
    [TEST_CLI] Executing as root: "SELECT * FROM test_update_types_mkqxafib_lww_0.all_types_use..."
    [TEST_CLI] Process spawned in 4.3384ms
    [TEST_CLI] Success: spawn=4.3384ms wait=25.2843ms total=29ms
    [TEST_CLI] Executing as root: "SELECT * FROM test_update_types_mkqxafib_lww_0.all_types_use..."
    [TEST_CLI] Process spawned in 4.18ms
    [TEST_CLI] Success: spawn=4.18ms wait=25.7669ms total=29ms
    [TEST_CLI] Executing as root: "SELECT * FROM test_update_types_mkqxafib_lww_0.all_types_use..."
    [TEST_CLI] Process spawned in 5.9854ms
    [TEST_CLI] Success: spawn=5.9854ms wait=38.3075ms total=44ms
    [TEST_CLI] Executing as root: "SELECT * FROM test_update_types_mkqxafib_lww_0.all_types_use..."
    [TEST_CLI] Process spawned in 4.0116ms
    [TEST_CLI] Success: spawn=4.0116ms wait=25.7894ms total=29ms
    [TEST_CLI] Executing as root: "SELECT * FROM test_update_types_mkqxafib_lww_0.all_types_use..."
    [TEST_CLI] Process spawned in 4.0213ms
    [TEST_CLI] Success: spawn=4.0213ms wait=42.8316ms total=46ms
    [TEST_CLI] Executing as root: "SELECT * FROM test_update_types_mkqxafib_lww_0.all_types_use..."
    [TEST_CLI] Process spawned in 18.4103ms
    [TEST_CLI] Success: spawn=18.4103ms wait=53.4967ms total=72ms
    [TEST_CLI] Executing as root: "SELECT * FROM test_update_types_mkqxafib_lww_0.all_types_use..."
    [TEST_CLI] Process spawned in 18.1824ms
    [TEST_CLI] Success: spawn=18.1824ms wait=49.3704ms total=67ms

    thread 'test_update_all_types::test_update_all_types_user_table' (42352) panicked at cli\tests\usecases\test_update_all_types.rs:211:6:
    called `Result::unwrap()` on an `Err` value: "Timeout waiting for query to contain 'initial text'. Last output: {\n  \"status\": \"success\",\n  \"results\": [\n    {\n      \"schema\": [\n        {\n          \"name\": \"id\",\n          \"data_type\": \"Text\",\n          \"index\": 0\n        },\n        {\n          \"name\": \"col_bool\",\n          \"data_type\": \"Boolean\",\n          \"index\": 1\n        },\n        {\n          \"name\": \"col_int\",\n          \"data_type\": \"Int\",\n          \"index\": 2\n        },\n        {\n          \"name\": \"col_bigint\",\n          \"data_type\": \"BigInt\",\n          \"index\": 3\n        },\n        {\n          \"name\": \"col_double\",\n          \"data_type\": \"Double\",\n          \"index\": 4\n        },\n        {\n          \"name\": \"col_float\",\n          \"data_type\": \"Float\",\n          \"index\": 5\n        },\n        {\n          \"name\": \"col_text\",\n          \"data_type\": \"Text\",\n          \"index\": 6\n        },\n        {\n          \"name\": \"col_timestamp\",\n          \"data_type\": \"Timestamp\",\n          \"index\": 7\n        },\n        {\n          \"name\": \"col_date\",\n          \"data_type\": \"Date\",\n          \"index\": 8\n        },\n        {\n          \"name\": \"col_datetime\",\n          \"data_type\": \"DateTime\",\n          \"index\": 9\n        },\n        {\n          \"name\": \"col_time\",\n          \"data_type\": \"Time\",\n          \"index\": 10\n        },\n        {\n          \"name\": \"col_json\",\n          \"data_type\": \"Text\",\n          \"index\": 11\n        },\n        {\n          \"name\": \"col_uuid\",\n          \"data_type\": \"Uuid\",\n          \"index\": 12\n        },\n        {\n          \"name\": \"col_decimal\",\n          \"data_type\": {\n            \"Decimal\": {\n              \"precision\": 10,\n              \"scale\": 2\n            }\n          },\n          \"index\": 13\n        },\n        {\n          \"name\": \"col_smallint\",\n          \"data_type\": \"SmallInt\",\n          \"index\": 14\n        },\n        {\n          \"name\": \"_seq\",\n          \"data_type\": \"BigInt\",\n          \"index\": 15\n        },\n        {\n          \"name\": \"_deleted\",\n          \"data_type\": \"Boolean\",\n          \"index\": 16\n        }\n      ],\n      \"rows\": [],\n      \"row_count\": 0\n    }\n  ],\n  \"took\": 1.1344\n}\n"
    note: run with `RUST_BACKTRACE=1` environment variable to display a backtrace

────────────
     Summary [  12.199s] 1 test run: 0 passed, 1 failed, 143 skipped
        FAIL [  12.195s] (1/1) kalam-cli::usecases test_update_all_types::test_update_all_types_user_table
error: test run failed
